<?xml version="1.0" encoding="UTF-8"?>
<!-- Generated by org.testng.reporters.JUnitReportReporter -->
<testsuite hostname="DESKTOP-94VM1BS" failures="0" tests="1" name="tests.DemoQATest" time="37.355" errors="0" timestamp="2025-04-15T15:34:34 IST" skipped="0">
  <testcase classname="tests.DemoQATest" name="testPracticeFormAndBookStore" time="37.355"/>
</testsuite> <!-- tests.DemoQATest -->
