<?xml version="1.0" encoding="UTF-8"?>
<!-- Generated by org.testng.reporters.JUnitReportReporter -->
<testsuite hostname="DESKTOP-94VM1BS" failures="0" tests="1" name="shubhambhartiyacademy.SeleniumFrameworkDesign.ErrorValidation" time="32.099" errors="0" timestamp="2025-04-12T15:26:50 IST" skipped="0">
  <testcase classname="shubhambhartiyacademy.SeleniumFrameworkDesign.ErrorValidation" name="LoginErrorValidation" time="32.099"/>
</testsuite> <!-- shubhambhartiyacademy.SeleniumFrameworkDesign.ErrorValidation -->
